[0.007s] Invoking command in '/home/tree/go2_ws/src/go2_description/build/go2_description': CMAKE_PREFIX_PATH=${CMAKE_PREFIX_PATH}:/opt/ros/humble /usr/bin/cmake /home/tree/go2_ws/src/go2_description -DAMENT_CMAKE_SYMLINK_INSTALL=1 -DCMAKE_INSTALL_PREFIX=/home/tree/go2_ws/src/go2_description/install/go2_description
[0.044s] -- The C compiler identification is GNU 11.4.0
[0.083s] -- The CXX compiler identification is GNU 11.4.0
[0.088s] -- Detecting C compiler ABI info
[0.136s] -- Detecting C compiler ABI info - done
[0.141s] -- Check for working C compiler: /usr/bin/cc - skipped
[0.141s] -- Detecting C compile features
[0.142s] -- Detecting C compile features - done
[0.144s] -- Detecting CXX compiler ABI info
[0.198s] -- Detecting CXX compiler ABI info - done
[0.204s] -- Check for working CXX compiler: /usr/bin/c++ - skipped
[0.204s] -- Detecting CXX compile features
[0.204s] -- Detecting CXX compile features - done
[0.206s] -- Found ament_cmake: 1.3.12 (/opt/ros/humble/share/ament_cmake/cmake)
[0.321s] -- Found Python3: /usr/bin/python3 (found version "3.10.12") found components: Interpreter 
[0.371s] -- Override CMake install command with custom implementation using symlinks instead of copying resources
[0.396s] -- Found ament_lint_auto: 0.12.14 (/opt/ros/humble/share/ament_lint_auto/cmake)
[0.464s] -- Added test 'cppcheck' to perform static code analysis on C / C++ code
[0.464s] -- Configured cppcheck include dirs: 
[0.464s] -- Configured cppcheck exclude dirs and/or files: 
[0.465s] -- Added test 'flake8' to check Python code syntax and style conventions
[0.467s] -- Added test 'lint_cmake' to check CMake code style
[0.468s] -- Added test 'pep257' to check Python code against some of the docstring style conventions in PEP 257
[0.475s] -- Added test 'uncrustify' to check C / C++ code style
[0.475s] -- Configured uncrustify additional arguments: 
[0.476s] -- Added test 'xmllint' to check XML markup files
[0.477s] -- Configuring done
[0.479s] -- Generating done
[0.480s] -- Build files have been written to: /home/tree/go2_ws/src/go2_description/build/go2_description
[0.482s] Invoked command in '/home/tree/go2_ws/src/go2_description/build/go2_description' returned '0': CMAKE_PREFIX_PATH=${CMAKE_PREFIX_PATH}:/opt/ros/humble /usr/bin/cmake /home/tree/go2_ws/src/go2_description -DAMENT_CMAKE_SYMLINK_INSTALL=1 -DCMAKE_INSTALL_PREFIX=/home/tree/go2_ws/src/go2_description/install/go2_description
[0.484s] Invoking command in '/home/tree/go2_ws/src/go2_description/build/go2_description': CMAKE_PREFIX_PATH=${CMAKE_PREFIX_PATH}:/opt/ros/humble /usr/bin/cmake --build /home/tree/go2_ws/src/go2_description/build/go2_description -- -j16 -l16
[0.511s] Invoked command in '/home/tree/go2_ws/src/go2_description/build/go2_description' returned '0': CMAKE_PREFIX_PATH=${CMAKE_PREFIX_PATH}:/opt/ros/humble /usr/bin/cmake --build /home/tree/go2_ws/src/go2_description/build/go2_description -- -j16 -l16
[0.517s] Invoking command in '/home/tree/go2_ws/src/go2_description/build/go2_description': CMAKE_PREFIX_PATH=${CMAKE_PREFIX_PATH}:/opt/ros/humble /usr/bin/cmake --install /home/tree/go2_ws/src/go2_description/build/go2_description
[0.522s] -- Install configuration: ""
[0.522s] -- Execute custom install script
[0.522s] -- Up-to-date symlink: /home/tree/go2_ws/src/go2_description/install/go2_description/share/go2_description/launch/display.launch.py
[0.523s] -- Up-to-date symlink: /home/tree/go2_ws/src/go2_description/install/go2_description/share/go2_description/launch/go2_rviz_real.launch.py
[0.523s] -- Up-to-date symlink: /home/tree/go2_ws/src/go2_description/install/go2_description/share/go2_description/launch/robot.launch.py
[0.523s] -- Up-to-date symlink: /home/tree/go2_ws/src/go2_description/install/go2_description/share/go2_description/urdf/gazebo.urdf.xacro
[0.523s] -- Up-to-date symlink: /home/tree/go2_ws/src/go2_description/install/go2_description/share/go2_description/urdf/go2_description.urdf
[0.523s] -- Up-to-date symlink: /home/tree/go2_ws/src/go2_description/install/go2_description/share/go2_description/urdf/go2_description.urdf.xacro
[0.523s] -- Up-to-date symlink: /home/tree/go2_ws/src/go2_description/install/go2_description/share/go2_description/urdf/leg.urdf.xacro
[0.523s] -- Up-to-date symlink: /home/tree/go2_ws/src/go2_description/install/go2_description/share/go2_description/urdf/test.urdf
[0.523s] -- Up-to-date symlink: /home/tree/go2_ws/src/go2_description/install/go2_description/share/go2_description/urdf/transmission.urdf.xacro
[0.523s] -- Up-to-date symlink: /home/tree/go2_ws/src/go2_description/install/go2_description/share/go2_description/dae/base.dae
[0.523s] -- Up-to-date symlink: /home/tree/go2_ws/src/go2_description/install/go2_description/share/go2_description/dae/calf.dae
[0.523s] -- Up-to-date symlink: /home/tree/go2_ws/src/go2_description/install/go2_description/share/go2_description/dae/calf_mirror.dae
[0.523s] -- Up-to-date symlink: /home/tree/go2_ws/src/go2_description/install/go2_description/share/go2_description/dae/foot.dae
[0.524s] -- Up-to-date symlink: /home/tree/go2_ws/src/go2_description/install/go2_description/share/go2_description/dae/hip.dae
[0.524s] -- Up-to-date symlink: /home/tree/go2_ws/src/go2_description/install/go2_description/share/go2_description/dae/thigh.dae
[0.524s] -- Up-to-date symlink: /home/tree/go2_ws/src/go2_description/install/go2_description/share/go2_description/dae/thigh_mirror.dae
[0.524s] -- Up-to-date symlink: /home/tree/go2_ws/src/go2_description/install/go2_description/share/go2_description/config/go2_description.rviz
[0.524s] -- Symlinking: /home/tree/go2_ws/src/go2_description/install/go2_description/share/go2_description/config/ros_control/ros_control.yaml
[0.530s] -- Up-to-date symlink: /home/tree/go2_ws/src/go2_description/install/go2_description/share/ament_index/resource_index/package_run_dependencies/go2_description
[0.530s] -- Up-to-date symlink: /home/tree/go2_ws/src/go2_description/install/go2_description/share/ament_index/resource_index/parent_prefix_path/go2_description
[0.530s] -- Up-to-date symlink: /home/tree/go2_ws/src/go2_description/install/go2_description/share/go2_description/environment/ament_prefix_path.sh
[0.530s] -- Up-to-date symlink: /home/tree/go2_ws/src/go2_description/install/go2_description/share/go2_description/environment/ament_prefix_path.dsv
[0.530s] -- Up-to-date symlink: /home/tree/go2_ws/src/go2_description/install/go2_description/share/go2_description/environment/path.sh
[0.530s] -- Up-to-date symlink: /home/tree/go2_ws/src/go2_description/install/go2_description/share/go2_description/environment/path.dsv
[0.531s] -- Up-to-date symlink: /home/tree/go2_ws/src/go2_description/install/go2_description/share/go2_description/local_setup.bash
[0.531s] -- Up-to-date symlink: /home/tree/go2_ws/src/go2_description/install/go2_description/share/go2_description/local_setup.sh
[0.531s] -- Up-to-date symlink: /home/tree/go2_ws/src/go2_description/install/go2_description/share/go2_description/local_setup.zsh
[0.531s] -- Up-to-date symlink: /home/tree/go2_ws/src/go2_description/install/go2_description/share/go2_description/local_setup.dsv
[0.531s] -- Symlinking: /home/tree/go2_ws/src/go2_description/install/go2_description/share/go2_description/package.dsv
[0.537s] -- Up-to-date symlink: /home/tree/go2_ws/src/go2_description/install/go2_description/share/ament_index/resource_index/packages/go2_description
[0.537s] -- Up-to-date symlink: /home/tree/go2_ws/src/go2_description/install/go2_description/share/go2_description/cmake/go2_descriptionConfig.cmake
[0.537s] -- Up-to-date symlink: /home/tree/go2_ws/src/go2_description/install/go2_description/share/go2_description/cmake/go2_descriptionConfig-version.cmake
[0.538s] -- Up-to-date symlink: /home/tree/go2_ws/src/go2_description/install/go2_description/share/go2_description/package.xml
[0.539s] Invoked command in '/home/tree/go2_ws/src/go2_description/build/go2_description' returned '0': CMAKE_PREFIX_PATH=${CMAKE_PREFIX_PATH}:/opt/ros/humble /usr/bin/cmake --install /home/tree/go2_ws/src/go2_description/build/go2_description
