[0.005s] Invoking command in '/home/tree/go2_ws/src/go2_description/build/go2_description': /usr/bin/cmake /home/tree/go2_ws/src/go2_description -DAMENT_CMAKE_SYMLINK_INSTALL=1 -DCMAKE_INSTALL_PREFIX=/home/tree/go2_ws/src/go2_description/install/go2_description
[0.041s] -- The C compiler identification is GNU 11.4.0
[0.078s] -- The CXX compiler identification is GNU 11.4.0
[0.083s] -- Detecting C compiler ABI info
[0.129s] -- Detecting C compiler ABI info - done
[0.135s] -- Check for working C compiler: /usr/bin/cc - skipped
[0.135s] -- Detecting C compile features
[0.135s] -- Detecting C compile features - done
[0.137s] -- Detecting CXX compiler ABI info
[0.189s] -- Detecting CXX compiler ABI info - done
[0.195s] -- Check for working CXX compiler: /usr/bin/c++ - skipped
[0.195s] -- Detecting CXX compile features
[0.196s] -- Detecting CXX compile features - done
[0.197s] -- Found ament_cmake: 1.3.12 (/opt/ros/humble/share/ament_cmake/cmake)
[0.304s] -- Found Python3: /usr/bin/python3 (found version "3.10.12") found components: Interpreter 
[0.349s] -- Override CMake install command with custom implementation using symlinks instead of copying resources
[0.366s] -- Found ament_lint_auto: 0.12.14 (/opt/ros/humble/share/ament_lint_auto/cmake)
[0.424s] -- Added test 'cppcheck' to perform static code analysis on C / C++ code
[0.424s] -- Configured cppcheck include dirs: 
[0.424s] -- Configured cppcheck exclude dirs and/or files: 
[0.425s] -- Added test 'flake8' to check Python code syntax and style conventions
[0.426s] -- Added test 'lint_cmake' to check CMake code style
[0.427s] -- Added test 'pep257' to check Python code against some of the docstring style conventions in PEP 257
[0.431s] -- Added test 'uncrustify' to check C / C++ code style
[0.432s] -- Configured uncrustify additional arguments: 
[0.432s] -- Added test 'xmllint' to check XML markup files
[0.433s] -- Configuring done
[0.435s] -- Generating done
[0.436s] -- Build files have been written to: /home/tree/go2_ws/src/go2_description/build/go2_description
[0.439s] Invoked command in '/home/tree/go2_ws/src/go2_description/build/go2_description' returned '0': /usr/bin/cmake /home/tree/go2_ws/src/go2_description -DAMENT_CMAKE_SYMLINK_INSTALL=1 -DCMAKE_INSTALL_PREFIX=/home/tree/go2_ws/src/go2_description/install/go2_description
[0.441s] Invoking command in '/home/tree/go2_ws/src/go2_description/build/go2_description': /usr/bin/cmake --build /home/tree/go2_ws/src/go2_description/build/go2_description -- -j16 -l16
[0.465s] Invoked command in '/home/tree/go2_ws/src/go2_description/build/go2_description' returned '0': /usr/bin/cmake --build /home/tree/go2_ws/src/go2_description/build/go2_description -- -j16 -l16
[0.472s] Invoking command in '/home/tree/go2_ws/src/go2_description/build/go2_description': /usr/bin/cmake --install /home/tree/go2_ws/src/go2_description/build/go2_description
[0.477s] -- Install configuration: ""
[0.477s] -- Execute custom install script
[0.477s] -- Symlinking: /home/tree/go2_ws/src/go2_description/install/go2_description/share/go2_description/launch/display.launch.py
[0.483s] -- Symlinking: /home/tree/go2_ws/src/go2_description/install/go2_description/share/go2_description/launch/go2_rviz_real.launch.py
[0.488s] -- Symlinking: /home/tree/go2_ws/src/go2_description/install/go2_description/share/go2_description/launch/robot.launch.py
[0.494s] -- Symlinking: /home/tree/go2_ws/src/go2_description/install/go2_description/share/go2_description/urdf/gazebo.urdf.xacro
[0.500s] -- Symlinking: /home/tree/go2_ws/src/go2_description/install/go2_description/share/go2_description/urdf/go2_description.urdf
[0.505s] -- Symlinking: /home/tree/go2_ws/src/go2_description/install/go2_description/share/go2_description/urdf/go2_description.urdf.xacro
[0.511s] -- Symlinking: /home/tree/go2_ws/src/go2_description/install/go2_description/share/go2_description/urdf/leg.urdf.xacro
[0.516s] -- Symlinking: /home/tree/go2_ws/src/go2_description/install/go2_description/share/go2_description/urdf/test.urdf
[0.522s] -- Symlinking: /home/tree/go2_ws/src/go2_description/install/go2_description/share/go2_description/urdf/transmission.urdf.xacro
[0.528s] -- Symlinking: /home/tree/go2_ws/src/go2_description/install/go2_description/share/go2_description/dae/base.dae
[0.533s] -- Symlinking: /home/tree/go2_ws/src/go2_description/install/go2_description/share/go2_description/dae/calf.dae
[0.538s] -- Symlinking: /home/tree/go2_ws/src/go2_description/install/go2_description/share/go2_description/dae/calf_mirror.dae
[0.544s] -- Symlinking: /home/tree/go2_ws/src/go2_description/install/go2_description/share/go2_description/dae/foot.dae
[0.549s] -- Symlinking: /home/tree/go2_ws/src/go2_description/install/go2_description/share/go2_description/dae/hip.dae
[0.554s] -- Symlinking: /home/tree/go2_ws/src/go2_description/install/go2_description/share/go2_description/dae/thigh.dae
[0.560s] -- Symlinking: /home/tree/go2_ws/src/go2_description/install/go2_description/share/go2_description/dae/thigh_mirror.dae
[0.565s] -- Symlinking: /home/tree/go2_ws/src/go2_description/install/go2_description/share/go2_description/config/go2_description.rviz
[0.571s] -- Symlinking: /home/tree/go2_ws/src/go2_description/install/go2_description/share/go2_description/config/ros_control/ros_control.yaml
[0.576s] -- Symlinking: /home/tree/go2_ws/src/go2_description/install/go2_description/share/ament_index/resource_index/package_run_dependencies/go2_description
[0.581s] -- Symlinking: /home/tree/go2_ws/src/go2_description/install/go2_description/share/ament_index/resource_index/parent_prefix_path/go2_description
[0.587s] -- Symlinking: /home/tree/go2_ws/src/go2_description/install/go2_description/share/go2_description/environment/ament_prefix_path.sh
[0.592s] -- Symlinking: /home/tree/go2_ws/src/go2_description/install/go2_description/share/go2_description/environment/ament_prefix_path.dsv
[0.598s] -- Symlinking: /home/tree/go2_ws/src/go2_description/install/go2_description/share/go2_description/environment/path.sh
[0.603s] -- Symlinking: /home/tree/go2_ws/src/go2_description/install/go2_description/share/go2_description/environment/path.dsv
[0.608s] -- Symlinking: /home/tree/go2_ws/src/go2_description/install/go2_description/share/go2_description/local_setup.bash
[0.614s] -- Symlinking: /home/tree/go2_ws/src/go2_description/install/go2_description/share/go2_description/local_setup.sh
[0.619s] -- Symlinking: /home/tree/go2_ws/src/go2_description/install/go2_description/share/go2_description/local_setup.zsh
[0.625s] -- Symlinking: /home/tree/go2_ws/src/go2_description/install/go2_description/share/go2_description/local_setup.dsv
[0.630s] -- Symlinking: /home/tree/go2_ws/src/go2_description/install/go2_description/share/go2_description/package.dsv
[0.636s] -- Symlinking: /home/tree/go2_ws/src/go2_description/install/go2_description/share/ament_index/resource_index/packages/go2_description
[0.641s] -- Symlinking: /home/tree/go2_ws/src/go2_description/install/go2_description/share/go2_description/cmake/go2_descriptionConfig.cmake
[0.646s] -- Symlinking: /home/tree/go2_ws/src/go2_description/install/go2_description/share/go2_description/cmake/go2_descriptionConfig-version.cmake
[0.652s] -- Symlinking: /home/tree/go2_ws/src/go2_description/install/go2_description/share/go2_description/package.xml
[0.658s] Invoked command in '/home/tree/go2_ws/src/go2_description/build/go2_description' returned '0': /usr/bin/cmake --install /home/tree/go2_ws/src/go2_description/build/go2_description
